c:\users\user\desktop\15일차_220512\client\default\x64\debug\client.pch
c:\users\user\desktop\15일차_220512\client\default\x64\debug\vc140.pdb
c:\users\user\desktop\15일차_220512\client\default\x64\debug\vc140.idb
c:\users\user\desktop\15일차_220512\client\default\x64\debug\stdafx.obj
c:\users\user\desktop\15일차_220512\client\default\x64\debug\background.obj
c:\users\user\desktop\15일차_220512\client\default\x64\debug\level_gameplay.obj
c:\users\user\desktop\15일차_220512\client\default\x64\debug\level_loading.obj
c:\users\user\desktop\15일차_220512\client\default\x64\debug\level_logo.obj
c:\users\user\desktop\15일차_220512\client\default\x64\debug\loader.obj
c:\users\user\desktop\15일차_220512\client\default\x64\debug\mainapp.obj
c:\users\user\desktop\15일차_220512\client\default\x64\debug\client.obj
c:\users\user\desktop\15일차_220512\client\bin\client.ilk
c:\users\user\desktop\15일차_220512\client\bin\client.exe
c:\users\user\desktop\15일차_220512\client\bin\client.pdb
c:\users\user\desktop\15일차_220512\client\default\x64\debug\client.res
c:\users\user\desktop\15일차_220512\client\default\..\bin\client.exe
c:\users\user\desktop\15일차_220512\client\default\x64\debug\client.tlog\cl.command.1.tlog
c:\users\user\desktop\15일차_220512\client\default\x64\debug\client.tlog\cl.read.1.tlog
c:\users\user\desktop\15일차_220512\client\default\x64\debug\client.tlog\cl.write.1.tlog
c:\users\user\desktop\15일차_220512\client\default\x64\debug\client.tlog\link.command.1.tlog
c:\users\user\desktop\15일차_220512\client\default\x64\debug\client.tlog\link.read.1.tlog
c:\users\user\desktop\15일차_220512\client\default\x64\debug\client.tlog\link.write.1.tlog
c:\users\user\desktop\15일차_220512\client\default\x64\debug\client.tlog\rc.command.1.tlog
c:\users\user\desktop\15일차_220512\client\default\x64\debug\client.tlog\rc.read.1.tlog
c:\users\user\desktop\15일차_220512\client\default\x64\debug\client.tlog\rc.write.1.tlog
